0 info it worked if it ends with ok
1 verbose cli [ 'node', '/usr/local/bin/npm', 'install', '--save', 'canvas' ]
2 info using npm@2.7.5
3 info using node@v0.12.2
4 verbose node symlink /usr/local/bin/node
5 silly cache add args [ 'canvas', null ]
6 verbose cache add spec canvas
7 silly cache add parsed spec { raw: 'canvas',
7 silly cache add   scope: null,
7 silly cache add   name: 'canvas',
7 silly cache add   rawSpec: '',
7 silly cache add   spec: '*',
7 silly cache add   type: 'range' }
8 verbose addNamed canvas@*
9 silly addNamed semver.valid null
10 silly addNamed semver.validRange *
11 silly addNameRange { name: 'canvas', range: '*', hasData: false }
12 silly mapToRegistry name canvas
13 silly mapToRegistry using default registry
14 silly mapToRegistry registry https://registry.npmjs.org/
15 silly mapToRegistry uri https://registry.npmjs.org/canvas
16 verbose addNameRange registry:https://registry.npmjs.org/canvas not in flight; fetching
17 verbose request uri https://registry.npmjs.org/canvas
18 verbose request no auth needed
19 info attempt registry request try #1 at 23:13:40
20 verbose request id 988b6099f0aa99c0
21 verbose etag "9TPENEG3IKH54N58X7TXFOPIM"
22 http request GET https://registry.npmjs.org/canvas
23 http 304 https://registry.npmjs.org/canvas
24 silly get cb [ 304,
24 silly get   { date: 'Wed, 26 Aug 2015 03:13:41 GMT',
24 silly get     via: '1.1 varnish',
24 silly get     'cache-control': 'max-age=60',
24 silly get     etag: '"9TPENEG3IKH54N58X7TXFOPIM"',
24 silly get     age: '24',
24 silly get     connection: 'keep-alive',
24 silly get     'x-served-by': 'cache-jfk1023-JFK',
24 silly get     'x-cache': 'HIT',
24 silly get     'x-cache-hits': '1',
24 silly get     'x-timer': 'S1440558821.772657,VS0,VE0',
24 silly get     vary: 'Accept' } ]
25 verbose etag https://registry.npmjs.org/canvas from cache
26 verbose get saving canvas to /Users/aneurycasado/.npm/registry.npmjs.org/canvas/.cache.json
27 silly addNameRange number 2 { name: 'canvas', range: '*', hasData: true }
28 silly addNameRange versions [ 'canvas',
28 silly addNameRange   [ '0.0.1',
28 silly addNameRange     '0.0.2',
28 silly addNameRange     '0.0.3',
28 silly addNameRange     '0.0.4',
28 silly addNameRange     '0.0.5',
28 silly addNameRange     '0.0.6',
28 silly addNameRange     '0.0.7',
28 silly addNameRange     '0.0.8',
28 silly addNameRange     '0.1.0',
28 silly addNameRange     '0.2.0',
28 silly addNameRange     '0.2.1',
28 silly addNameRange     '0.3.0',
28 silly addNameRange     '0.3.1',
28 silly addNameRange     '0.3.2',
28 silly addNameRange     '0.3.3',
28 silly addNameRange     '0.4.0',
28 silly addNameRange     '0.4.1',
28 silly addNameRange     '0.4.2',
28 silly addNameRange     '0.4.3',
28 silly addNameRange     '0.5.0',
28 silly addNameRange     '0.5.1',
28 silly addNameRange     '0.5.2',
28 silly addNameRange     '0.5.3',
28 silly addNameRange     '0.5.4',
28 silly addNameRange     '0.6.0',
28 silly addNameRange     '0.7.0',
28 silly addNameRange     '0.7.1',
28 silly addNameRange     '0.7.2',
28 silly addNameRange     '0.7.3',
28 silly addNameRange     '0.8.0',
28 silly addNameRange     '0.8.1',
28 silly addNameRange     '0.8.2',
28 silly addNameRange     '0.8.3',
28 silly addNameRange     '0.9.0',
28 silly addNameRange     '0.10.0',
28 silly addNameRange     '0.10.1',
28 silly addNameRange     '0.10.2',
28 silly addNameRange     '0.10.3',
28 silly addNameRange     '0.11.0',
28 silly addNameRange     '0.11.1',
28 silly addNameRange     '0.11.2',
28 silly addNameRange     '0.11.3',
28 silly addNameRange     '0.12.0',
28 silly addNameRange     '0.12.1',
28 silly addNameRange     '0.13.0',
28 silly addNameRange     '0.13.1',
28 silly addNameRange     '1.0.0',
28 silly addNameRange     '1.0.1',
28 silly addNameRange     '1.0.2',
28 silly addNameRange     '1.0.3',
28 silly addNameRange     '1.0.4',
28 silly addNameRange     '1.1.0',
28 silly addNameRange     '1.1.1',
28 silly addNameRange     '1.1.2',
28 silly addNameRange     '1.1.3',
28 silly addNameRange     '1.1.4',
28 silly addNameRange     '1.1.5',
28 silly addNameRange     '1.1.6',
28 silly addNameRange     '1.2.0',
28 silly addNameRange     '1.2.1',
28 silly addNameRange     '1.2.2',
28 silly addNameRange     '1.2.3',
28 silly addNameRange     '1.2.4',
28 silly addNameRange     '1.2.5',
28 silly addNameRange     '1.2.6',
28 silly addNameRange     '1.2.7' ] ]
29 verbose addNamed canvas@1.2.7
30 silly addNamed semver.valid 1.2.7
31 silly addNamed semver.validRange 1.2.7
32 silly cache afterAdd canvas@1.2.7
33 verbose afterAdd /Users/aneurycasado/.npm/canvas/1.2.7/package/package.json not in flight; writing
34 verbose afterAdd /Users/aneurycasado/.npm/canvas/1.2.7/package/package.json written
35 silly install resolved [ { name: 'canvas',
35 silly install resolved     description: 'Canvas graphics API backed by Cairo',
35 silly install resolved     version: '1.2.7',
35 silly install resolved     author: { name: 'TJ Holowaychuk', email: 'tj@learnboost.com' },
35 silly install resolved     contributors: [ [Object], [Object], [Object] ],
35 silly install resolved     keywords:
35 silly install resolved      [ 'canvas',
35 silly install resolved        'graphic',
35 silly install resolved        'graphics',
35 silly install resolved        'pixman',
35 silly install resolved        'cairo',
35 silly install resolved        'image',
35 silly install resolved        'images',
35 silly install resolved        'pdf' ],
35 silly install resolved     homepage: 'https://github.com/Automattic/node-canvas',
35 silly install resolved     repository:
35 silly install resolved      { type: 'git',
35 silly install resolved        url: 'git://github.com/Automattic/node-canvas.git' },
35 silly install resolved     scripts: { test: 'make test', install: 'node-gyp rebuild' },
35 silly install resolved     dependencies: { nan: '^1.8.4' },
35 silly install resolved     devDependencies: { express: '3.0', jade: '0.28.1', mocha: '*', should: '*' },
35 silly install resolved     engines: { node: '>= 0.6.0' },
35 silly install resolved     main: './lib/canvas.js',
35 silly install resolved     license: 'MIT',
35 silly install resolved     gypfile: true,
35 silly install resolved     gitHead: '46a26de488fd6d3784a53d634a1339927ea81e44',
35 silly install resolved     bugs: { url: 'https://github.com/Automattic/node-canvas/issues' },
35 silly install resolved     _id: 'canvas@1.2.7',
35 silly install resolved     _shasum: '36ea77836fafa968a34950507fc940bdf6bd4940',
35 silly install resolved     _from: 'canvas@*',
35 silly install resolved     _npmVersion: '2.12.1',
35 silly install resolved     _nodeVersion: '0.12.7',
35 silly install resolved     _npmUser: { name: 'linusu', email: 'linus@folkdatorn.se' },
35 silly install resolved     maintainers: [ [Object], [Object], [Object], [Object], [Object], [Object] ],
35 silly install resolved     dist:
35 silly install resolved      { shasum: '36ea77836fafa968a34950507fc940bdf6bd4940',
35 silly install resolved        tarball: 'http://registry.npmjs.org/canvas/-/canvas-1.2.7.tgz' },
35 silly install resolved     directories: {},
35 silly install resolved     _resolved: 'https://registry.npmjs.org/canvas/-/canvas-1.2.7.tgz',
35 silly install resolved     readme: 'ERROR: No README data found!' } ]
36 info install canvas@1.2.7 into /Users/aneurycasado/Desktop/Development/Projects/Games /Dominos-Para-Los-Dominicanos
37 info installOne canvas@1.2.7
38 verbose installOne of canvas to /Users/aneurycasado/Desktop/Development/Projects/Games /Dominos-Para-Los-Dominicanos not in flight; installing
39 verbose lock using /Users/aneurycasado/.npm/_locks/canvas-19e0be6fd1909e7e.lock for /Users/aneurycasado/Desktop/Development/Projects/Games /Dominos-Para-Los-Dominicanos/node_modules/canvas
40 silly install write writing canvas 1.2.7 to /Users/aneurycasado/Desktop/Development/Projects/Games /Dominos-Para-Los-Dominicanos/node_modules/canvas
41 silly cache addNamed cb canvas@1.2.7
42 verbose unbuild node_modules/canvas
43 silly gentlyRm /Users/aneurycasado/Desktop/Development/Projects/Games /Dominos-Para-Los-Dominicanos/node_modules/canvas is being purged from base /Users/aneurycasado/Desktop/Development/Projects/Games /Dominos-Para-Los-Dominicanos
44 verbose gentlyRm don't care about contents; nuking /Users/aneurycasado/Desktop/Development/Projects/Games /Dominos-Para-Los-Dominicanos/node_modules/canvas
45 verbose tar unpack /Users/aneurycasado/.npm/canvas/1.2.7/package.tgz
46 verbose tar unpacking to /Users/aneurycasado/Desktop/Development/Projects/Games /Dominos-Para-Los-Dominicanos/node_modules/canvas
47 silly gentlyRm /Users/aneurycasado/Desktop/Development/Projects/Games /Dominos-Para-Los-Dominicanos/node_modules/canvas is being purged
48 verbose gentlyRm don't care about contents; nuking /Users/aneurycasado/Desktop/Development/Projects/Games /Dominos-Para-Los-Dominicanos/node_modules/canvas
49 silly gunzTarPerm modes [ '755', '644' ]
50 silly gunzTarPerm extractEntry package.json
51 silly gunzTarPerm extractEntry .npmignore
52 silly gunzTarPerm extractEntry index.js
53 silly gunzTarPerm extractEntry History.md
54 silly gunzTarPerm extractEntry Makefile
55 silly gunzTarPerm extractEntry Readme.md
56 silly gunzTarPerm extractEntry binding.gyp
57 silly gunzTarPerm extractEntry .gitmodules
58 silly gunzTarPerm extractEntry install
59 silly gunzTarPerm extractEntry lib/bindings.js
60 silly gunzTarPerm extractEntry lib/canvas.js
61 silly gunzTarPerm extractEntry lib/context2d.js
62 silly gunzTarPerm extractEntry lib/image.js
63 silly gunzTarPerm extractEntry lib/jpegstream.js
64 silly gunzTarPerm extractEntry lib/pixelarray.js
65 silly gunzTarPerm extractEntry lib/pngstream.js
66 silly gunzTarPerm extractEntry .travis.yml
67 silly gunzTarPerm extractEntry src/Image.h
68 silly gunzTarPerm extractEntry src/Canvas.cc
69 silly gunzTarPerm extractEntry src/CanvasGradient.cc
70 silly gunzTarPerm extractEntry src/CanvasGradient.h
71 silly gunzTarPerm extractEntry src/CanvasPattern.cc
72 silly gunzTarPerm extractEntry src/CanvasPattern.h
73 silly gunzTarPerm extractEntry src/CanvasRenderingContext2d.cc
74 silly gunzTarPerm extractEntry src/CanvasRenderingContext2d.h
75 silly gunzTarPerm extractEntry src/FontFace.cc
76 silly gunzTarPerm extractEntry src/FontFace.h
77 silly gunzTarPerm extractEntry src/Image.cc
78 silly gunzTarPerm extractEntry src/Canvas.h
79 silly gunzTarPerm extractEntry src/ImageData.cc
80 silly gunzTarPerm extractEntry src/ImageData.h
81 silly gunzTarPerm extractEntry src/JPEGStream.h
82 silly gunzTarPerm extractEntry src/PNG.h
83 silly gunzTarPerm extractEntry src/PixelArray.cc
84 silly gunzTarPerm extractEntry src/PixelArray.h
85 silly gunzTarPerm extractEntry src/Point.h
86 silly gunzTarPerm extractEntry src/closure.h
87 silly gunzTarPerm extractEntry src/color.cc
88 silly gunzTarPerm extractEntry src/color.h
89 silly gunzTarPerm extractEntry src/init.cc
90 silly gunzTarPerm extractEntry util/cairo_include.sh
91 silly gunzTarPerm extractEntry util/has_cairo_freetype.sh
92 silly gunzTarPerm extractEntry util/has_lib.sh
93 silly gunzTarPerm extractEntry util/lib_lookup.sh
94 info preinstall canvas@1.2.7
95 silly prepareForInstallMany adding nan@^1.8.4 from canvas dependencies
96 silly cache add args [ 'nan@^1.8.4', null ]
97 verbose cache add spec nan@^1.8.4
98 silly cache add parsed spec { raw: 'nan@^1.8.4',
98 silly cache add   scope: null,
98 silly cache add   name: 'nan',
98 silly cache add   rawSpec: '^1.8.4',
98 silly cache add   spec: '>=1.8.4 <2.0.0',
98 silly cache add   type: 'range' }
99 verbose addNamed nan@>=1.8.4 <2.0.0
100 silly addNamed semver.valid null
101 silly addNamed semver.validRange >=1.8.4 <2.0.0
102 silly addNameRange { name: 'nan', range: '>=1.8.4 <2.0.0', hasData: false }
103 silly mapToRegistry name nan
104 silly mapToRegistry using default registry
105 silly mapToRegistry registry https://registry.npmjs.org/
106 silly mapToRegistry uri https://registry.npmjs.org/nan
107 verbose addNameRange registry:https://registry.npmjs.org/nan not in flight; fetching
108 verbose request uri https://registry.npmjs.org/nan
109 verbose request no auth needed
110 info attempt registry request try #1 at 23:13:42
111 verbose etag "41PIK59ZUA3ADEJCQ281I0TDQ"
112 http request GET https://registry.npmjs.org/nan
113 http 304 https://registry.npmjs.org/nan
114 silly get cb [ 304,
114 silly get   { date: 'Wed, 26 Aug 2015 03:13:42 GMT',
114 silly get     via: '1.1 varnish',
114 silly get     'cache-control': 'max-age=60',
114 silly get     etag: '"41PIK59ZUA3ADEJCQ281I0TDQ"',
114 silly get     age: '34',
114 silly get     connection: 'keep-alive',
114 silly get     'x-served-by': 'cache-jfk1032-JFK',
114 silly get     'x-cache': 'HIT',
114 silly get     'x-cache-hits': '2',
114 silly get     'x-timer': 'S1440558822.357591,VS0,VE0',
114 silly get     vary: 'Accept' } ]
115 verbose etag https://registry.npmjs.org/nan from cache
116 verbose get saving nan to /Users/aneurycasado/.npm/registry.npmjs.org/nan/.cache.json
117 silly addNameRange number 2 { name: 'nan', range: '>=1.8.4 <2.0.0', hasData: true }
118 silly addNameRange versions [ 'nan',
118 silly addNameRange   [ '0.3.0-wip',
118 silly addNameRange     '0.3.0-wip2',
118 silly addNameRange     '0.3.0',
118 silly addNameRange     '0.3.1',
118 silly addNameRange     '0.3.2',
118 silly addNameRange     '0.4.0',
118 silly addNameRange     '0.4.1',
118 silly addNameRange     '0.4.2',
118 silly addNameRange     '0.4.3',
118 silly addNameRange     '0.4.4',
118 silly addNameRange     '0.5.0',
118 silly addNameRange     '0.5.1',
118 silly addNameRange     '0.5.2',
118 silly addNameRange     '0.6.0',
118 silly addNameRange     '0.7.0',
118 silly addNameRange     '0.7.1',
118 silly addNameRange     '0.8.0',
118 silly addNameRange     '1.0.0',
118 silly addNameRange     '1.1.0',
118 silly addNameRange     '1.1.1',
118 silly addNameRange     '1.1.2',
118 silly addNameRange     '1.2.0',
118 silly addNameRange     '1.3.0',
118 silly addNameRange     '1.4.0',
118 silly addNameRange     '1.4.1',
118 silly addNameRange     '1.5.0',
118 silly addNameRange     '1.4.2',
118 silly addNameRange     '1.4.3',
118 silly addNameRange     '1.5.1',
118 silly addNameRange     '1.5.2',
118 silly addNameRange     '1.6.0',
118 silly addNameRange     '1.5.3',
118 silly addNameRange     '1.6.1',
118 silly addNameRange     '1.6.2',
118 silly addNameRange     '1.7.0',
118 silly addNameRange     '1.8.0',
118 silly addNameRange     '1.8.1',
118 silly addNameRange     '1.8.2',
118 silly addNameRange     '1.8.3',
118 silly addNameRange     '1.8.4',
118 silly addNameRange     '1.9.0',
118 silly addNameRange     '2.0.0',
118 silly addNameRange     '2.0.1',
118 silly addNameRange     '2.0.2',
118 silly addNameRange     '2.0.3',
118 silly addNameRange     '2.0.4',
118 silly addNameRange     '2.0.5' ] ]
119 verbose addNamed nan@1.9.0
120 silly addNamed semver.valid 1.9.0
121 silly addNamed semver.validRange 1.9.0
122 silly cache afterAdd nan@1.9.0
123 verbose afterAdd /Users/aneurycasado/.npm/nan/1.9.0/package/package.json not in flight; writing
124 verbose afterAdd /Users/aneurycasado/.npm/nan/1.9.0/package/package.json written
125 silly install resolved [ { name: 'nan',
125 silly install resolved     version: '1.9.0',
125 silly install resolved     description: 'Native Abstractions for Node.js: C++ header for Node 0.8->0.12 compatibility',
125 silly install resolved     main: 'include_dirs.js',
125 silly install resolved     repository: { type: 'git', url: 'git://github.com/nodejs/nan.git' },
125 silly install resolved     scripts:
125 silly install resolved      { test: 'tap --gc test/js/*-test.js',
125 silly install resolved        'rebuild-tests': 'pangyp rebuild --msvs_version=2013 --directory test' },
125 silly install resolved     contributors:
125 silly install resolved      [ [Object],
125 silly install resolved        [Object],
125 silly install resolved        [Object],
125 silly install resolved        [Object],
125 silly install resolved        [Object],
125 silly install resolved        [Object],
125 silly install resolved        [Object] ],
125 silly install resolved     devDependencies:
125 silly install resolved      { bindings: '~1.2.1',
125 silly install resolved        'node-gyp': '~2.0.2',
125 silly install resolved        pangyp: '~2.2.0',
125 silly install resolved        tap: '~0.7.1',
125 silly install resolved        xtend: '~4.0.0' },
125 silly install resolved     license: 'MIT',
125 silly install resolved     gitHead: '399b3a54ada39a7cf7a11978ea727eae3686666e',
125 silly install resolved     bugs: { url: 'https://github.com/nodejs/nan/issues' },
125 silly install resolved     homepage: 'https://github.com/nodejs/nan#readme',
125 silly install resolved     _id: 'nan@1.9.0',
125 silly install resolved     _shasum: '1a9cd2755609766f5c291e4194fce39fde286515',
125 silly install resolved     _from: 'nan@>=1.8.4 <2.0.0',
125 silly install resolved     _npmVersion: '2.13.3',
125 silly install resolved     _nodeVersion: '0.12.2',
125 silly install resolved     _npmUser: { name: 'kkoopa', email: 'bbyholm@abo.fi' },
125 silly install resolved     maintainers: [ [Object], [Object] ],
125 silly install resolved     dist:
125 silly install resolved      { shasum: '1a9cd2755609766f5c291e4194fce39fde286515',
125 silly install resolved        tarball: 'http://registry.npmjs.org/nan/-/nan-1.9.0.tgz' },
125 silly install resolved     directories: {},
125 silly install resolved     _resolved: 'https://registry.npmjs.org/nan/-/nan-1.9.0.tgz',
125 silly install resolved     readme: 'ERROR: No README data found!' } ]
126 info install nan@1.9.0 into /Users/aneurycasado/Desktop/Development/Projects/Games /Dominos-Para-Los-Dominicanos/node_modules/canvas
127 info installOne nan@1.9.0
128 verbose installOne of nan to /Users/aneurycasado/Desktop/Development/Projects/Games /Dominos-Para-Los-Dominicanos/node_modules/canvas not in flight; installing
129 verbose lock using /Users/aneurycasado/.npm/_locks/nan-b0bc978ce8245145.lock for /Users/aneurycasado/Desktop/Development/Projects/Games /Dominos-Para-Los-Dominicanos/node_modules/canvas/node_modules/nan
130 silly install write writing nan 1.9.0 to /Users/aneurycasado/Desktop/Development/Projects/Games /Dominos-Para-Los-Dominicanos/node_modules/canvas/node_modules/nan
131 silly cache addNamed cb nan@1.9.0
132 verbose unbuild node_modules/canvas/node_modules/nan
133 silly gentlyRm /Users/aneurycasado/Desktop/Development/Projects/Games /Dominos-Para-Los-Dominicanos/node_modules/canvas/node_modules/nan is being purged from base /Users/aneurycasado/Desktop/Development/Projects/Games /Dominos-Para-Los-Dominicanos
134 verbose gentlyRm don't care about contents; nuking /Users/aneurycasado/Desktop/Development/Projects/Games /Dominos-Para-Los-Dominicanos/node_modules/canvas/node_modules/nan
135 verbose tar unpack /Users/aneurycasado/.npm/nan/1.9.0/package.tgz
136 verbose tar unpacking to /Users/aneurycasado/Desktop/Development/Projects/Games /Dominos-Para-Los-Dominicanos/node_modules/canvas/node_modules/nan
137 silly gentlyRm /Users/aneurycasado/Desktop/Development/Projects/Games /Dominos-Para-Los-Dominicanos/node_modules/canvas/node_modules/nan is being purged
138 verbose gentlyRm don't care about contents; nuking /Users/aneurycasado/Desktop/Development/Projects/Games /Dominos-Para-Los-Dominicanos/node_modules/canvas/node_modules/nan
139 silly gunzTarPerm modes [ '755', '644' ]
140 silly gunzTarPerm extractEntry package.json
141 silly gunzTarPerm modified mode [ 'package.json', 436, 420 ]
142 silly gunzTarPerm extractEntry README.md
143 silly gunzTarPerm modified mode [ 'README.md', 436, 420 ]
144 silly gunzTarPerm extractEntry include_dirs.js
145 silly gunzTarPerm modified mode [ 'include_dirs.js', 436, 420 ]
146 silly gunzTarPerm extractEntry LICENSE.md
147 silly gunzTarPerm modified mode [ 'LICENSE.md', 436, 420 ]
148 silly gunzTarPerm extractEntry .dntrc
149 silly gunzTarPerm modified mode [ '.dntrc', 436, 420 ]
150 silly gunzTarPerm extractEntry appveyor.yml
151 silly gunzTarPerm modified mode [ 'appveyor.yml', 436, 420 ]
152 silly gunzTarPerm extractEntry nan.h
153 silly gunzTarPerm modified mode [ 'nan.h', 436, 420 ]
154 silly gunzTarPerm extractEntry nan_implementation_12_inl.h
155 silly gunzTarPerm modified mode [ 'nan_implementation_12_inl.h', 436, 420 ]
156 silly gunzTarPerm extractEntry nan_implementation_pre_12_inl.h
157 silly gunzTarPerm modified mode [ 'nan_implementation_pre_12_inl.h', 436, 420 ]
158 silly gunzTarPerm extractEntry nan_new.h
159 silly gunzTarPerm modified mode [ 'nan_new.h', 436, 420 ]
160 silly gunzTarPerm extractEntry nan_string_bytes.h
161 silly gunzTarPerm modified mode [ 'nan_string_bytes.h', 436, 420 ]
162 silly gunzTarPerm extractEntry CHANGELOG.md
163 silly gunzTarPerm modified mode [ 'CHANGELOG.md', 436, 420 ]
164 silly gunzTarPerm extractEntry tools/node_modules/commander/package.json
165 silly gunzTarPerm modified mode [ 'tools/node_modules/commander/package.json', 436, 420 ]
166 silly gunzTarPerm extractEntry tools/node_modules/commander/LICENSE
167 silly gunzTarPerm modified mode [ 'tools/node_modules/commander/LICENSE', 436, 420 ]
168 silly gunzTarPerm extractEntry tools/node_modules/commander/index.js
169 silly gunzTarPerm modified mode [ 'tools/node_modules/commander/index.js', 436, 420 ]
170 silly gunzTarPerm extractEntry tools/node_modules/commander/History.md
171 silly gunzTarPerm modified mode [ 'tools/node_modules/commander/History.md', 436, 420 ]
172 silly gunzTarPerm extractEntry tools/node_modules/commander/Readme.md
173 silly gunzTarPerm modified mode [ 'tools/node_modules/commander/Readme.md', 436, 420 ]
174 silly gunzTarPerm extractEntry tools/node_modules/commander/node_modules/graceful-readlink/package.json
175 silly gunzTarPerm modified mode [ 'tools/node_modules/commander/node_modules/graceful-readlink/package.json',
175 silly gunzTarPerm   436,
175 silly gunzTarPerm   420 ]
176 silly gunzTarPerm extractEntry tools/node_modules/commander/node_modules/graceful-readlink/.npmignore
177 silly gunzTarPerm modified mode [ 'tools/node_modules/commander/node_modules/graceful-readlink/.npmignore',
177 silly gunzTarPerm   436,
177 silly gunzTarPerm   420 ]
178 silly gunzTarPerm extractEntry tools/node_modules/commander/node_modules/graceful-readlink/README.md
179 silly gunzTarPerm modified mode [ 'tools/node_modules/commander/node_modules/graceful-readlink/README.md',
179 silly gunzTarPerm   436,
179 silly gunzTarPerm   420 ]
180 silly gunzTarPerm extractEntry tools/node_modules/commander/node_modules/graceful-readlink/LICENSE
181 silly gunzTarPerm modified mode [ 'tools/node_modules/commander/node_modules/graceful-readlink/LICENSE',
181 silly gunzTarPerm   436,
181 silly gunzTarPerm   420 ]
182 silly gunzTarPerm extractEntry tools/node_modules/commander/node_modules/graceful-readlink/index.js
183 silly gunzTarPerm modified mode [ 'tools/node_modules/commander/node_modules/graceful-readlink/index.js',
183 silly gunzTarPerm   436,
183 silly gunzTarPerm   420 ]
184 silly gunzTarPerm extractEntry tools/node_modules/commander/node_modules/graceful-readlink/.travis.yml
185 silly gunzTarPerm modified mode [ 'tools/node_modules/commander/node_modules/graceful-readlink/.travis.yml',
185 silly gunzTarPerm   436,
185 silly gunzTarPerm   420 ]
186 silly gunzTarPerm extractEntry tools/node_modules/glob/package.json
187 silly gunzTarPerm modified mode [ 'tools/node_modules/glob/package.json', 436, 420 ]
188 silly gunzTarPerm extractEntry tools/node_modules/glob/README.md
189 silly gunzTarPerm modified mode [ 'tools/node_modules/glob/README.md', 436, 420 ]
190 silly gunzTarPerm extractEntry tools/node_modules/glob/LICENSE
191 silly gunzTarPerm modified mode [ 'tools/node_modules/glob/LICENSE', 436, 420 ]
192 silly gunzTarPerm extractEntry tools/node_modules/glob/common.js
193 silly gunzTarPerm modified mode [ 'tools/node_modules/glob/common.js', 436, 420 ]
194 silly gunzTarPerm extractEntry tools/node_modules/glob/glob.js
195 silly gunzTarPerm modified mode [ 'tools/node_modules/glob/glob.js', 436, 420 ]
196 silly gunzTarPerm extractEntry tools/node_modules/glob/sync.js
197 silly gunzTarPerm modified mode [ 'tools/node_modules/glob/sync.js', 436, 420 ]
198 silly gunzTarPerm extractEntry tools/node_modules/glob/node_modules/inflight/package.json
199 silly gunzTarPerm modified mode [ 'tools/node_modules/glob/node_modules/inflight/package.json',
199 silly gunzTarPerm   436,
199 silly gunzTarPerm   420 ]
200 silly gunzTarPerm extractEntry tools/node_modules/glob/node_modules/inflight/README.md
201 silly gunzTarPerm modified mode [ 'tools/node_modules/glob/node_modules/inflight/README.md',
201 silly gunzTarPerm   436,
201 silly gunzTarPerm   420 ]
202 silly gunzTarPerm extractEntry tools/node_modules/glob/node_modules/inflight/LICENSE
203 silly gunzTarPerm modified mode [ 'tools/node_modules/glob/node_modules/inflight/LICENSE',
203 silly gunzTarPerm   436,
203 silly gunzTarPerm   420 ]
204 silly gunzTarPerm extractEntry tools/node_modules/glob/node_modules/inflight/inflight.js
205 silly gunzTarPerm modified mode [ 'tools/node_modules/glob/node_modules/inflight/inflight.js',
205 silly gunzTarPerm   436,
205 silly gunzTarPerm   420 ]
206 silly gunzTarPerm extractEntry tools/node_modules/glob/node_modules/inflight/test.js
207 silly gunzTarPerm modified mode [ 'tools/node_modules/glob/node_modules/inflight/test.js',
207 silly gunzTarPerm   436,
207 silly gunzTarPerm   420 ]
208 silly gunzTarPerm extractEntry tools/node_modules/glob/node_modules/inflight/.eslintrc
209 silly gunzTarPerm modified mode [ 'tools/node_modules/glob/node_modules/inflight/.eslintrc',
209 silly gunzTarPerm   436,
209 silly gunzTarPerm   420 ]
210 silly gunzTarPerm extractEntry tools/node_modules/glob/node_modules/inflight/node_modules/wrappy/package.json
211 silly gunzTarPerm modified mode [ 'tools/node_modules/glob/node_modules/inflight/node_modules/wrappy/package.json',
211 silly gunzTarPerm   436,
211 silly gunzTarPerm   420 ]
212 silly gunzTarPerm extractEntry tools/node_modules/glob/node_modules/inflight/node_modules/wrappy/README.md
213 silly gunzTarPerm modified mode [ 'tools/node_modules/glob/node_modules/inflight/node_modules/wrappy/README.md',
213 silly gunzTarPerm   436,
213 silly gunzTarPerm   420 ]
214 silly gunzTarPerm extractEntry tools/node_modules/glob/node_modules/inflight/node_modules/wrappy/LICENSE
215 silly gunzTarPerm modified mode [ 'tools/node_modules/glob/node_modules/inflight/node_modules/wrappy/LICENSE',
215 silly gunzTarPerm   436,
215 silly gunzTarPerm   420 ]
216 silly gunzTarPerm extractEntry tools/node_modules/glob/node_modules/inflight/node_modules/wrappy/wrappy.js
217 silly gunzTarPerm modified mode [ 'tools/node_modules/glob/node_modules/inflight/node_modules/wrappy/wrappy.js',
217 silly gunzTarPerm   436,
217 silly gunzTarPerm   420 ]
218 silly gunzTarPerm extractEntry tools/node_modules/glob/node_modules/inflight/node_modules/wrappy/test/basic.js
219 silly gunzTarPerm modified mode [ 'tools/node_modules/glob/node_modules/inflight/node_modules/wrappy/test/basic.js',
219 silly gunzTarPerm   436,
219 silly gunzTarPerm   420 ]
220 silly gunzTarPerm extractEntry tools/node_modules/glob/node_modules/inherits/package.json
221 silly gunzTarPerm modified mode [ 'tools/node_modules/glob/node_modules/inherits/package.json',
221 silly gunzTarPerm   436,
221 silly gunzTarPerm   420 ]
222 silly gunzTarPerm extractEntry tools/node_modules/glob/node_modules/inherits/README.md
223 silly gunzTarPerm modified mode [ 'tools/node_modules/glob/node_modules/inherits/README.md',
223 silly gunzTarPerm   436,
223 silly gunzTarPerm   420 ]
224 silly gunzTarPerm extractEntry tools/node_modules/glob/node_modules/inherits/LICENSE
225 silly gunzTarPerm modified mode [ 'tools/node_modules/glob/node_modules/inherits/LICENSE',
225 silly gunzTarPerm   436,
225 silly gunzTarPerm   420 ]
226 silly gunzTarPerm extractEntry tools/node_modules/glob/node_modules/inherits/inherits.js
227 silly gunzTarPerm modified mode [ 'tools/node_modules/glob/node_modules/inherits/inherits.js',
227 silly gunzTarPerm   436,
227 silly gunzTarPerm   420 ]
228 silly gunzTarPerm extractEntry tools/node_modules/glob/node_modules/inherits/inherits_browser.js
229 silly gunzTarPerm modified mode [ 'tools/node_modules/glob/node_modules/inherits/inherits_browser.js',
229 silly gunzTarPerm   436,
229 silly gunzTarPerm   420 ]
230 silly gunzTarPerm extractEntry tools/node_modules/glob/node_modules/inherits/test.js
231 silly gunzTarPerm modified mode [ 'tools/node_modules/glob/node_modules/inherits/test.js',
231 silly gunzTarPerm   436,
231 silly gunzTarPerm   420 ]
232 silly gunzTarPerm extractEntry tools/node_modules/glob/node_modules/minimatch/package.json
233 silly gunzTarPerm modified mode [ 'tools/node_modules/glob/node_modules/minimatch/package.json',
233 silly gunzTarPerm   436,
233 silly gunzTarPerm   420 ]
234 silly gunzTarPerm extractEntry tools/node_modules/glob/node_modules/minimatch/README.md
235 silly gunzTarPerm modified mode [ 'tools/node_modules/glob/node_modules/minimatch/README.md',
235 silly gunzTarPerm   436,
235 silly gunzTarPerm   420 ]
236 silly gunzTarPerm extractEntry tools/node_modules/glob/node_modules/minimatch/LICENSE
237 silly gunzTarPerm modified mode [ 'tools/node_modules/glob/node_modules/minimatch/LICENSE',
237 silly gunzTarPerm   436,
237 silly gunzTarPerm   420 ]
238 silly gunzTarPerm extractEntry tools/node_modules/glob/node_modules/minimatch/browser.js
239 silly gunzTarPerm modified mode [ 'tools/node_modules/glob/node_modules/minimatch/browser.js',
239 silly gunzTarPerm   436,
239 silly gunzTarPerm   420 ]
240 silly gunzTarPerm extractEntry tools/node_modules/glob/node_modules/minimatch/minimatch.js
241 silly gunzTarPerm modified mode [ 'tools/node_modules/glob/node_modules/minimatch/minimatch.js',
241 silly gunzTarPerm   436,
241 silly gunzTarPerm   420 ]
242 silly gunzTarPerm extractEntry tools/node_modules/glob/node_modules/minimatch/node_modules/brace-expansion/package.json
243 silly gunzTarPerm modified mode [ 'tools/node_modules/glob/node_modules/minimatch/node_modules/brace-expansion/package.json',
243 silly gunzTarPerm   436,
243 silly gunzTarPerm   420 ]
244 silly gunzTarPerm extractEntry tools/node_modules/glob/node_modules/minimatch/node_modules/brace-expansion/.npmignore
245 silly gunzTarPerm modified mode [ 'tools/node_modules/glob/node_modules/minimatch/node_modules/brace-expansion/.npmignore',
245 silly gunzTarPerm   436,
245 silly gunzTarPerm   420 ]
246 silly gunzTarPerm extractEntry tools/node_modules/glob/node_modules/minimatch/node_modules/brace-expansion/README.md
247 silly gunzTarPerm modified mode [ 'tools/node_modules/glob/node_modules/minimatch/node_modules/brace-expansion/README.md',
247 silly gunzTarPerm   436,
247 silly gunzTarPerm   420 ]
248 silly gunzTarPerm extractEntry tools/node_modules/glob/node_modules/minimatch/node_modules/brace-expansion/example.js
249 silly gunzTarPerm modified mode [ 'tools/node_modules/glob/node_modules/minimatch/node_modules/brace-expansion/example.js',
249 silly gunzTarPerm   436,
249 silly gunzTarPerm   420 ]
250 silly gunzTarPerm extractEntry tools/node_modules/glob/node_modules/minimatch/node_modules/brace-expansion/index.js
251 silly gunzTarPerm modified mode [ 'tools/node_modules/glob/node_modules/minimatch/node_modules/brace-expansion/index.js',
251 silly gunzTarPerm   436,
251 silly gunzTarPerm   420 ]
252 silly gunzTarPerm extractEntry tools/node_modules/glob/node_modules/minimatch/node_modules/brace-expansion/.travis.yml
253 silly gunzTarPerm modified mode [ 'tools/node_modules/glob/node_modules/minimatch/node_modules/brace-expansion/.travis.yml',
253 silly gunzTarPerm   436,
253 silly gunzTarPerm   420 ]
254 silly gunzTarPerm extractEntry tools/node_modules/glob/node_modules/minimatch/node_modules/brace-expansion/test/bash-comparison.js
255 silly gunzTarPerm modified mode [ 'tools/node_modules/glob/node_modules/minimatch/node_modules/brace-expansion/test/bash-comparison.js',
255 silly gunzTarPerm   436,
255 silly gunzTarPerm   420 ]
256 silly gunzTarPerm extractEntry tools/node_modules/glob/node_modules/minimatch/node_modules/brace-expansion/test/same-type.js
257 silly gunzTarPerm modified mode [ 'tools/node_modules/glob/node_modules/minimatch/node_modules/brace-expansion/test/same-type.js',
257 silly gunzTarPerm   436,
257 silly gunzTarPerm   420 ]
258 silly gunzTarPerm extractEntry tools/node_modules/glob/node_modules/minimatch/node_modules/brace-expansion/test/dollar.js
259 silly gunzTarPerm modified mode [ 'tools/node_modules/glob/node_modules/minimatch/node_modules/brace-expansion/test/dollar.js',
259 silly gunzTarPerm   436,
259 silly gunzTarPerm   420 ]
260 silly gunzTarPerm extractEntry tools/node_modules/glob/node_modules/minimatch/node_modules/brace-expansion/test/empty-option.js
261 silly gunzTarPerm modified mode [ 'tools/node_modules/glob/node_modules/minimatch/node_modules/brace-expansion/test/empty-option.js',
261 silly gunzTarPerm   436,
261 silly gunzTarPerm   420 ]
262 silly gunzTarPerm extractEntry tools/node_modules/glob/node_modules/minimatch/node_modules/brace-expansion/test/pad.js
263 silly gunzTarPerm modified mode [ 'tools/node_modules/glob/node_modules/minimatch/node_modules/brace-expansion/test/pad.js',
263 silly gunzTarPerm   436,
263 silly gunzTarPerm   420 ]
264 silly gunzTarPerm extractEntry tools/node_modules/glob/node_modules/minimatch/node_modules/brace-expansion/test/order.js
265 silly gunzTarPerm modified mode [ 'tools/node_modules/glob/node_modules/minimatch/node_modules/brace-expansion/test/order.js',
265 silly gunzTarPerm   436,
265 silly gunzTarPerm   420 ]
266 silly gunzTarPerm extractEntry tools/node_modules/glob/node_modules/minimatch/node_modules/brace-expansion/test/nested.js
267 silly gunzTarPerm modified mode [ 'tools/node_modules/glob/node_modules/minimatch/node_modules/brace-expansion/test/nested.js',
267 silly gunzTarPerm   436,
267 silly gunzTarPerm   420 ]
268 silly gunzTarPerm extractEntry tools/node_modules/glob/node_modules/minimatch/node_modules/brace-expansion/test/sequence.js
269 silly gunzTarPerm modified mode [ 'tools/node_modules/glob/node_modules/minimatch/node_modules/brace-expansion/test/sequence.js',
269 silly gunzTarPerm   436,
269 silly gunzTarPerm   420 ]
270 silly gunzTarPerm extractEntry tools/node_modules/glob/node_modules/minimatch/node_modules/brace-expansion/test/negative-increment.js
271 silly gunzTarPerm modified mode [ 'tools/node_modules/glob/node_modules/minimatch/node_modules/brace-expansion/test/negative-increment.js',
271 silly gunzTarPerm   436,
271 silly gunzTarPerm   420 ]
272 silly gunzTarPerm extractEntry tools/node_modules/glob/node_modules/minimatch/node_modules/brace-expansion/test/bash-results.txt
273 silly gunzTarPerm modified mode [ 'tools/node_modules/glob/node_modules/minimatch/node_modules/brace-expansion/test/bash-results.txt',
273 silly gunzTarPerm   436,
273 silly gunzTarPerm   420 ]
274 silly gunzTarPerm extractEntry tools/node_modules/glob/node_modules/minimatch/node_modules/brace-expansion/test/generate.sh
275 silly gunzTarPerm modified mode [ 'tools/node_modules/glob/node_modules/minimatch/node_modules/brace-expansion/test/generate.sh',
275 silly gunzTarPerm   436,
275 silly gunzTarPerm   420 ]
276 silly gunzTarPerm extractEntry tools/node_modules/glob/node_modules/minimatch/node_modules/brace-expansion/test/cases.txt
277 silly gunzTarPerm modified mode [ 'tools/node_modules/glob/node_modules/minimatch/node_modules/brace-expansion/test/cases.txt',
277 silly gunzTarPerm   436,
277 silly gunzTarPerm   420 ]
278 silly gunzTarPerm extractEntry tools/node_modules/glob/node_modules/minimatch/node_modules/brace-expansion/node_modules/balanced-match/package.json
279 silly gunzTarPerm modified mode [ 'tools/node_modules/glob/node_modules/minimatch/node_modules/brace-expansion/node_modules/balanced-match/package.json',
279 silly gunzTarPerm   436,
279 silly gunzTarPerm   420 ]
280 silly gunzTarPerm extractEntry tools/node_modules/glob/node_modules/minimatch/node_modules/brace-expansion/node_modules/balanced-match/.npmignore
281 silly gunzTarPerm modified mode [ 'tools/node_modules/glob/node_modules/minimatch/node_modules/brace-expansion/node_modules/balanced-match/.npmignore',
281 silly gunzTarPerm   436,
281 silly gunzTarPerm   420 ]
282 silly gunzTarPerm extractEntry tools/node_modules/glob/node_modules/minimatch/node_modules/brace-expansion/node_modules/balanced-match/README.md
283 silly gunzTarPerm modified mode [ 'tools/node_modules/glob/node_modules/minimatch/node_modules/brace-expansion/node_modules/balanced-match/README.md',
283 silly gunzTarPerm   436,
283 silly gunzTarPerm   420 ]
284 silly gunzTarPerm extractEntry tools/node_modules/glob/node_modules/minimatch/node_modules/brace-expansion/node_modules/balanced-match/example.js
285 silly gunzTarPerm modified mode [ 'tools/node_modules/glob/node_modules/minimatch/node_modules/brace-expansion/node_modules/balanced-match/example.js',
285 silly gunzTarPerm   436,
285 silly gunzTarPerm   420 ]
286 silly gunzTarPerm extractEntry tools/node_modules/glob/node_modules/minimatch/node_modules/brace-expansion/node_modules/balanced-match/index.js
287 silly gunzTarPerm modified mode [ 'tools/node_modules/glob/node_modules/minimatch/node_modules/brace-expansion/node_modules/balanced-match/index.js',
287 silly gunzTarPerm   436,
287 silly gunzTarPerm   420 ]
288 silly gunzTarPerm extractEntry tools/node_modules/glob/node_modules/minimatch/node_modules/brace-expansion/node_modules/balanced-match/.travis.yml
289 silly gunzTarPerm modified mode [ 'tools/node_modules/glob/node_modules/minimatch/node_modules/brace-expansion/node_modules/balanced-match/.travis.yml',
289 silly gunzTarPerm   436,
289 silly gunzTarPerm   420 ]
290 silly gunzTarPerm extractEntry tools/node_modules/glob/node_modules/minimatch/node_modules/brace-expansion/node_modules/balanced-match/Makefile
291 silly gunzTarPerm modified mode [ 'tools/node_modules/glob/node_modules/minimatch/node_modules/brace-expansion/node_modules/balanced-match/Makefile',
291 silly gunzTarPerm   436,
291 silly gunzTarPerm   420 ]
292 silly gunzTarPerm extractEntry tools/node_modules/glob/node_modules/minimatch/node_modules/brace-expansion/node_modules/balanced-match/test/balanced.js
293 silly gunzTarPerm modified mode [ 'tools/node_modules/glob/node_modules/minimatch/node_modules/brace-expansion/node_modules/balanced-match/test/balanced.js',
293 silly gunzTarPerm   436,
293 silly gunzTarPerm   420 ]
294 silly gunzTarPerm extractEntry tools/node_modules/glob/node_modules/minimatch/node_modules/brace-expansion/node_modules/concat-map/package.json
295 silly gunzTarPerm modified mode [ 'tools/node_modules/glob/node_modules/minimatch/node_modules/brace-expansion/node_modules/concat-map/package.json',
295 silly gunzTarPerm   436,
295 silly gunzTarPerm   420 ]
296 silly gunzTarPerm extractEntry tools/node_modules/glob/node_modules/minimatch/node_modules/brace-expansion/node_modules/concat-map/LICENSE
297 silly gunzTarPerm modified mode [ 'tools/node_modules/glob/node_modules/minimatch/node_modules/brace-expansion/node_modules/concat-map/LICENSE',
297 silly gunzTarPerm   436,
297 silly gunzTarPerm   420 ]
298 silly gunzTarPerm extractEntry tools/node_modules/glob/node_modules/minimatch/node_modules/brace-expansion/node_modules/concat-map/index.js
299 silly gunzTarPerm modified mode [ 'tools/node_modules/glob/node_modules/minimatch/node_modules/brace-expansion/node_modules/concat-map/index.js',
299 silly gunzTarPerm   436,
299 silly gunzTarPerm   420 ]
300 silly gunzTarPerm extractEntry tools/node_modules/glob/node_modules/minimatch/node_modules/brace-expansion/node_modules/concat-map/.travis.yml
301 silly gunzTarPerm modified mode [ 'tools/node_modules/glob/node_modules/minimatch/node_modules/brace-expansion/node_modules/concat-map/.travis.yml',
301 silly gunzTarPerm   436,
301 silly gunzTarPerm   420 ]
302 silly gunzTarPerm extractEntry tools/node_modules/glob/node_modules/minimatch/node_modules/brace-expansion/node_modules/concat-map/README.markdown
303 silly gunzTarPerm modified mode [ 'tools/node_modules/glob/node_modules/minimatch/node_modules/brace-expansion/node_modules/concat-map/README.markdown',
303 silly gunzTarPerm   436,
303 silly gunzTarPerm   420 ]
304 silly gunzTarPerm extractEntry tools/node_modules/glob/node_modules/minimatch/node_modules/brace-expansion/node_modules/concat-map/example/map.js
305 silly gunzTarPerm modified mode [ 'tools/node_modules/glob/node_modules/minimatch/node_modules/brace-expansion/node_modules/concat-map/example/map.js',
305 silly gunzTarPerm   436,
305 silly gunzTarPerm   420 ]
306 silly gunzTarPerm extractEntry tools/node_modules/glob/node_modules/minimatch/node_modules/brace-expansion/node_modules/concat-map/test/map.js
307 silly gunzTarPerm modified mode [ 'tools/node_modules/glob/node_modules/minimatch/node_modules/brace-expansion/node_modules/concat-map/test/map.js',
307 silly gunzTarPerm   436,
307 silly gunzTarPerm   420 ]
308 silly gunzTarPerm extractEntry tools/node_modules/glob/node_modules/once/package.json
309 silly gunzTarPerm modified mode [ 'tools/node_modules/glob/node_modules/once/package.json',
309 silly gunzTarPerm   436,
309 silly gunzTarPerm   420 ]
310 silly gunzTarPerm extractEntry tools/node_modules/glob/node_modules/once/README.md
311 silly gunzTarPerm modified mode [ 'tools/node_modules/glob/node_modules/once/README.md',
311 silly gunzTarPerm   436,
311 silly gunzTarPerm   420 ]
312 silly gunzTarPerm extractEntry tools/node_modules/glob/node_modules/once/LICENSE
313 silly gunzTarPerm modified mode [ 'tools/node_modules/glob/node_modules/once/LICENSE', 436, 420 ]
314 silly gunzTarPerm extractEntry tools/node_modules/glob/node_modules/once/once.js
315 silly gunzTarPerm modified mode [ 'tools/node_modules/glob/node_modules/once/once.js', 436, 420 ]
316 silly gunzTarPerm extractEntry tools/node_modules/glob/node_modules/once/test/once.js
317 silly gunzTarPerm modified mode [ 'tools/node_modules/glob/node_modules/once/test/once.js',
317 silly gunzTarPerm   436,
317 silly gunzTarPerm   420 ]
318 silly gunzTarPerm extractEntry tools/node_modules/glob/node_modules/once/node_modules/wrappy/package.json
319 silly gunzTarPerm modified mode [ 'tools/node_modules/glob/node_modules/once/node_modules/wrappy/package.json',
319 silly gunzTarPerm   436,
319 silly gunzTarPerm   420 ]
320 silly gunzTarPerm extractEntry tools/node_modules/glob/node_modules/once/node_modules/wrappy/README.md
321 silly gunzTarPerm modified mode [ 'tools/node_modules/glob/node_modules/once/node_modules/wrappy/README.md',
321 silly gunzTarPerm   436,
321 silly gunzTarPerm   420 ]
322 silly gunzTarPerm extractEntry tools/node_modules/glob/node_modules/once/node_modules/wrappy/LICENSE
323 silly gunzTarPerm modified mode [ 'tools/node_modules/glob/node_modules/once/node_modules/wrappy/LICENSE',
323 silly gunzTarPerm   436,
323 silly gunzTarPerm   420 ]
324 silly gunzTarPerm extractEntry tools/node_modules/glob/node_modules/once/node_modules/wrappy/wrappy.js
325 silly gunzTarPerm modified mode [ 'tools/node_modules/glob/node_modules/once/node_modules/wrappy/wrappy.js',
325 silly gunzTarPerm   436,
325 silly gunzTarPerm   420 ]
326 silly gunzTarPerm extractEntry tools/node_modules/glob/node_modules/once/node_modules/wrappy/test/basic.js
327 silly gunzTarPerm modified mode [ 'tools/node_modules/glob/node_modules/once/node_modules/wrappy/test/basic.js',
327 silly gunzTarPerm   436,
327 silly gunzTarPerm   420 ]
328 silly gunzTarPerm extractEntry tools/node_modules/glob/node_modules/path-is-absolute/package.json
329 silly gunzTarPerm modified mode [ 'tools/node_modules/glob/node_modules/path-is-absolute/package.json',
329 silly gunzTarPerm   436,
329 silly gunzTarPerm   420 ]
330 silly gunzTarPerm extractEntry tools/node_modules/glob/node_modules/path-is-absolute/index.js
331 silly gunzTarPerm modified mode [ 'tools/node_modules/glob/node_modules/path-is-absolute/index.js',
331 silly gunzTarPerm   436,
331 silly gunzTarPerm   420 ]
332 silly gunzTarPerm extractEntry tools/node_modules/glob/node_modules/path-is-absolute/license
333 silly gunzTarPerm modified mode [ 'tools/node_modules/glob/node_modules/path-is-absolute/license',
333 silly gunzTarPerm   436,
333 silly gunzTarPerm   420 ]
334 silly gunzTarPerm extractEntry tools/node_modules/glob/node_modules/path-is-absolute/readme.md
335 silly gunzTarPerm modified mode [ 'tools/node_modules/glob/node_modules/path-is-absolute/readme.md',
335 silly gunzTarPerm   436,
335 silly gunzTarPerm   420 ]
336 info preinstall nan@1.9.0
337 silly install resolved []
338 verbose about to build /Users/aneurycasado/Desktop/Development/Projects/Games /Dominos-Para-Los-Dominicanos/node_modules/canvas/node_modules/nan
339 info build /Users/aneurycasado/Desktop/Development/Projects/Games /Dominos-Para-Los-Dominicanos/node_modules/canvas/node_modules/nan
340 verbose linkStuff [ false,
340 verbose linkStuff   false,
340 verbose linkStuff   false,
340 verbose linkStuff   '/Users/aneurycasado/Desktop/Development/Projects/Games /Dominos-Para-Los-Dominicanos/node_modules/canvas/node_modules' ]
341 info linkStuff nan@1.9.0
342 verbose linkBins nan@1.9.0
343 verbose linkMans nan@1.9.0
344 verbose rebuildBundles nan@1.9.0
345 info install nan@1.9.0
346 info postinstall nan@1.9.0
347 verbose unlock done using /Users/aneurycasado/.npm/_locks/nan-b0bc978ce8245145.lock for /Users/aneurycasado/Desktop/Development/Projects/Games /Dominos-Para-Los-Dominicanos/node_modules/canvas/node_modules/nan
348 verbose about to build /Users/aneurycasado/Desktop/Development/Projects/Games /Dominos-Para-Los-Dominicanos/node_modules/canvas
349 info build /Users/aneurycasado/Desktop/Development/Projects/Games /Dominos-Para-Los-Dominicanos/node_modules/canvas
350 verbose linkStuff [ false,
350 verbose linkStuff   false,
350 verbose linkStuff   false,
350 verbose linkStuff   '/Users/aneurycasado/Desktop/Development/Projects/Games /Dominos-Para-Los-Dominicanos/node_modules' ]
351 info linkStuff canvas@1.2.7
352 verbose linkBins canvas@1.2.7
353 verbose linkMans canvas@1.2.7
354 verbose rebuildBundles canvas@1.2.7
355 verbose rebuildBundles [ 'nan' ]
356 info install canvas@1.2.7
357 verbose unsafe-perm in lifecycle false
358 info canvas@1.2.7 Failed to exec install script
359 verbose unlock done using /Users/aneurycasado/.npm/_locks/canvas-19e0be6fd1909e7e.lock for /Users/aneurycasado/Desktop/Development/Projects/Games /Dominos-Para-Los-Dominicanos/node_modules/canvas
360 verbose stack Error: canvas@1.2.7 install: `node-gyp rebuild`
360 verbose stack Exit status 1
360 verbose stack     at EventEmitter.<anonymous> (/usr/local/lib/node_modules/npm/lib/utils/lifecycle.js:213:16)
360 verbose stack     at EventEmitter.emit (events.js:110:17)
360 verbose stack     at ChildProcess.<anonymous> (/usr/local/lib/node_modules/npm/lib/utils/spawn.js:14:12)
360 verbose stack     at ChildProcess.emit (events.js:110:17)
360 verbose stack     at maybeClose (child_process.js:1015:16)
360 verbose stack     at Process.ChildProcess._handle.onexit (child_process.js:1087:5)
361 verbose pkgid canvas@1.2.7
362 verbose cwd /Users/aneurycasado/Desktop/Development/Projects/Games /Dominos-Para-Los-Dominicanos
363 error Darwin 14.0.0
364 error argv "node" "/usr/local/bin/npm" "install" "--save" "canvas"
365 error node v0.12.2
366 error npm  v2.7.5
367 error code ELIFECYCLE
368 error canvas@1.2.7 install: `node-gyp rebuild`
368 error Exit status 1
369 error Failed at the canvas@1.2.7 install script 'node-gyp rebuild'.
369 error This is most likely a problem with the canvas package,
369 error not with npm itself.
369 error Tell the author that this fails on your system:
369 error     node-gyp rebuild
369 error You can get their info via:
369 error     npm owner ls canvas
369 error There is likely additional logging output above.
370 verbose exit [ 1, true ]
371 verbose unbuild node_modules/canvas
372 info preuninstall canvas@1.2.7
373 info uninstall canvas@1.2.7
374 verbose unbuild rmStuff canvas@1.2.7 from /Users/aneurycasado/Desktop/Development/Projects/Games /Dominos-Para-Los-Dominicanos/node_modules
375 info postuninstall canvas@1.2.7
376 silly gentlyRm /Users/aneurycasado/Desktop/Development/Projects/Games /Dominos-Para-Los-Dominicanos/node_modules/canvas is being purged from base /Users/aneurycasado/Desktop/Development/Projects/Games /Dominos-Para-Los-Dominicanos
377 verbose gentlyRm don't care about contents; nuking /Users/aneurycasado/Desktop/Development/Projects/Games /Dominos-Para-Los-Dominicanos/node_modules/canvas
378 silly vacuum-fs purging /Users/aneurycasado/Desktop/Development/Projects/Games /Dominos-Para-Los-Dominicanos/node_modules/canvas
379 silly vacuum-fs quitting because other entries in /Users/aneurycasado/Desktop/Development/Projects/Games /Dominos-Para-Los-Dominicanos/node_modules
